<?xml version="1.0" encoding="UTF-8"?>
<!-- Generated by org.testng.reporters.JUnitReportReporter -->
<testsuite hostname="DESKTOP-LGTP02P" failures="0" tests="6" name="tests.TextBoxTest" time="23.814" errors="0" timestamp="2026-03-03T15:30:31 ICT" skipped="0">
  <testcase classname="tests.TextBoxTest" name="TC01_Valid_Data" time="3.895"/>
  <testcase classname="tests.TextBoxTest" name="TC02_Invalid_Email" time="3.489"/>
  <testcase classname="tests.TextBoxTest" name="TC03_Empty_Name" time="3.777"/>
  <testcase classname="tests.TextBoxTest" name="TC04_Long_Address" time="5.049"/>
  <testcase classname="tests.TextBoxTest" name="TC05_Special_Character_Name" time="3.823"/>
  <testcase classname="tests.TextBoxTest" name="TC06_Only_Required_Field" time="3.781"/>
</testsuite> <!-- tests.TextBoxTest -->
