<?xml version="1.0" encoding="UTF-8"?>
<!-- Generated by org.testng.reporters.JUnitXMLReporter -->
<testsuite ignored="0" hostname="DESKTOP-LGTP02P" failures="0" tests="6" name="TextBoxTests" time="23.85" errors="0" timestamp="2026-03-03T15:30:31 ICT">
  <testcase classname="tests.TextBoxTest" name="TC01_Valid_Data" time="0.554"/>
  <testcase classname="tests.TextBoxTest" name="TC02_Invalid_Email" time="0.304"/>
  <testcase classname="tests.TextBoxTest" name="TC03_Empty_Name" time="0.604"/>
  <testcase classname="tests.TextBoxTest" name="TC04_Long_Address" time="1.13"/>
  <testcase classname="tests.TextBoxTest" name="TC05_Special_Character_Name" time="0.556"/>
  <testcase classname="tests.TextBoxTest" name="TC06_Only_Required_Field" time="0.544"/>
</testsuite> <!-- TextBoxTests -->
